<?xml version="1.0" encoding="UTF-8"?>
<!-- Generated by org.testng.reporters.JUnitReportReporter -->
<testsuite skipped="0" hostname="Shailesh" name="com.crm.qa.testcases.HomePageTest" tests="2" failures="0" timestamp="29 Sep 2019 16:46:06 GMT" time="38.937" errors="0">
  <testcase name="verifyHomePageTitleTest" time="17.099" classname="com.crm.qa.testcases.HomePageTest"/>
  <testcase name="verifyUserNameTest" time="21.838" classname="com.crm.qa.testcases.HomePageTest"/>
</testsuite> <!-- com.crm.qa.testcases.HomePageTest -->
