<?xml version="1.0" encoding="UTF-8"?>
<!-- Generated by org.testng.reporters.JUnitReportReporter -->
<testsuite skipped="0" hostname="Shailesh" name="com.crm.qa.testcases.LoginPageTest" tests="1" failures="0" timestamp="29 Sep 2019 15:47:43 GMT" time="18.846" errors="0">
  <testcase name="loginTest" time="18.846" classname="com.crm.qa.testcases.LoginPageTest"/>
</testsuite> <!-- com.crm.qa.testcases.LoginPageTest -->
