<?xml version="1.0" encoding="UTF-8"?>
<!-- Generated by org.testng.reporters.JUnitReportReporter -->
<testsuite skipped="0" hostname="SEZT1FF221NCU" name="com.crm.qa.testcases.ContactsPageTest" tests="1" failures="0" timestamp="30 Sep 2019 05:46:48 GMT" time="18.614" errors="0">
  <testcase name="validateCreateNewContact" time="18.614" classname="com.crm.qa.testcases.ContactsPageTest"/>
</testsuite> <!-- com.crm.qa.testcases.ContactsPageTest -->
