<?xml version="1.0" encoding="UTF-8"?>
<!-- Generated by org.testng.reporters.JUnitReportReporter -->
<testsuite skipped="0" hostname="Shailesh" name="com.crm.qa.testcases.LoginPageTest" tests="1" failures="0" timestamp="29 Sep 2019 17:46:20 GMT" time="16.157" errors="0">
  <testcase name="loginTest" time="16.157" classname="com.crm.qa.testcases.LoginPageTest"/>
</testsuite> <!-- com.crm.qa.testcases.LoginPageTest -->
