<?xml version="1.0" encoding="UTF-8"?>
<!-- Generated by org.testng.reporters.JUnitReportReporter -->
<testsuite skipped="0" hostname="Shailesh" name="com.crm.qa.testcases.HomePageTest" tests="3" failures="0" timestamp="29 Sep 2019 17:46:20 GMT" time="58.680" errors="0">
  <testcase name="verifyHomePageTitleTest" time="17.005" classname="com.crm.qa.testcases.HomePageTest"/>
  <testcase name="verifyUserNameTest" time="20.311" classname="com.crm.qa.testcases.HomePageTest"/>
  <testcase name="verifyContactsLinkTest" time="21.364" classname="com.crm.qa.testcases.HomePageTest"/>
</testsuite> <!-- com.crm.qa.testcases.HomePageTest -->
